[2021-08-31 00:08:46][server]: starting...
[2021-08-31 00:08:46][datafile]: loading. filename='maps/Sunny Side Up.map'
[2021-08-31 00:08:46][datafile]: allocsize=5976
[2021-08-31 00:08:46][datafile]: readsize=5344
[2021-08-31 00:08:46][datafile]: swaplen=5364
[2021-08-31 00:08:46][datafile]: item_size=4424
[2021-08-31 00:08:46][datafile]: loading done. datafile='maps/Sunny Side Up.map'
[2021-08-31 00:08:46][server]: maps/Sunny Side Up.map sha256 is f9141934dfbfba005ea5f06a65ccebd9e74c6dbffc6cdf6bad231900f5a1eae0
[2021-08-31 00:08:46][sixup]: maps7/Sunny Side Up.map sha256 is e787aec6cca5219e4843bbb4197aaa52285b1e2dfd6391081813c0e9aab6a12b
[2021-08-31 00:08:46][server]: using port 8303
[2021-08-31 00:08:46][server]: server name is 'My DDNet server'
[2021-08-31 00:08:46][antibot]: null antibot initialized
[2021-08-31 00:08:46][datafile]: loading data index=49 size=6138 uncompressed=960000
[2021-08-31 00:08:46][datafile]: loading data index=51 size=1124 uncompressed=960000
[2021-08-31 00:08:46][console]: executing 'reset.cfg'
[2021-08-31 00:08:46][console]: executing 'configs/bindings.cfg'
[2021-08-31 00:08:46][console]: No such command: unbindall.
[2021-08-31 00:08:46][console]: No such command: bind.
[2021-08-31 00:08:46][console]: No such command: bind.
[2021-08-31 00:08:46][console]: No such command: bind.
[2021-08-31 00:08:46][console]: No such command: bind.
[2021-08-31 00:08:46][console]: No such command: bind.
[2021-08-31 00:08:46][console]: No such command: bind.
[2021-08-31 00:08:46][console]: No such command: bind.
[2021-08-31 00:08:46][console]: No such command: bind.
[2021-08-31 00:08:46][console]: No such command: bind.
[2021-08-31 00:08:46][console]: No such command: bind.
[2021-08-31 00:08:46][console]: No such command: bind.
[2021-08-31 00:08:46][console]: No such command: bind.
[2021-08-31 00:08:46][console]: No such command: bind.
[2021-08-31 00:08:46][console]: No such command: bind.
[2021-08-31 00:08:46][console]: No such command: bind.
[2021-08-31 00:08:46][console]: No such command: bind.
[2021-08-31 00:08:46][console]: No such command: bind.
[2021-08-31 00:08:46][console]: No such command: bind.
[2021-08-31 00:08:46][console]: No such command: bind.
[2021-08-31 00:08:46][console]: No such command: bind.
[2021-08-31 00:08:46][console]: No such command: bind.
[2021-08-31 00:08:46][console]: No such command: bind.
[2021-08-31 00:08:46][console]: No such command: bind.
[2021-08-31 00:08:46][console]: No such command: bind.
[2021-08-31 00:08:46][console]: No such command: bind.
[2021-08-31 00:08:46][console]: No such command: bind.
[2021-08-31 00:08:46][console]: No such command: bind.
[2021-08-31 00:08:46][console]: No such command: bind.
[2021-08-31 00:08:46][console]: No such command: bind.
[2021-08-31 00:08:46][console]: No such command: bind.
[2021-08-31 00:08:46][console]: No such command: bind.
[2021-08-31 00:08:46][console]: No such command: bind.
[2021-08-31 00:08:46][console]: No such command: bind.
[2021-08-31 00:08:46][console]: No such command: bind.
[2021-08-31 00:08:46][console]: No such command: bind.
[2021-08-31 00:08:46][console]: No such command: bind.
[2021-08-31 00:08:46][console]: No such command: bind.
[2021-08-31 00:08:46][console]: No such command: bind.
[2021-08-31 00:08:46][console]: No such command: bind.
[2021-08-31 00:08:46][console]: No such command: bind.
[2021-08-31 00:08:46][console]: No such command: bind.
[2021-08-31 00:08:46][console]: No such command: bind.
[2021-08-31 00:08:46][console]: No such command: cl_dummy_resetonswitch.
[2021-08-31 00:08:46][console]: No such command: cl_background_entities.
[2021-08-31 00:08:46][console]: Reset Config
[2021-08-31 00:08:46][server]: version 0.6 626fce9a778df4d4
[2021-08-31 00:08:46][server]: +-------------------------+
[2021-08-31 00:08:46][server]: | rcon password: 'LTT86K' |
[2021-08-31 00:08:46][server]: +-------------------------+
[2021-08-31 00:08:47][sql]: load best time done on read database 0
[2021-08-31 00:08:56][server]: player is ready. ClientID=0 addr=<{192.168.1.107:18032}> secure=yes
[2021-08-31 00:08:57][server]: player has entered the game. ClientID=0 addr=<{192.168.1.107:18032}> sixup=0
[2021-08-31 00:08:57][game]: team_join player='0:Acid' team=0
[2021-08-31 00:08:57][chat]: *** 'Acid' entered and joined the game
[2021-08-31 00:08:57][ddnet]: cid=0 version=15054
[2021-08-31 00:08:57][sql]: load player data done on read database 0
[2021-08-31 00:09:00][chat-command]: 0 used /timeout K2MEdPVKaBbp7GmN
[2021-08-31 00:09:20][game]: kill killer='0:Acid' victim='0:Acid' weapon=-2 special=0
[2021-08-31 00:09:46][chat]: *** 'Acid' called vote to change server option 'Map: Mirai' (No reason given)
[2021-08-31 00:09:46][chat]: *** Vote passed
[2021-08-31 00:09:46][datafile]: loading. filename='maps/Mirai.map'
[2021-08-31 00:09:46][datafile]: allocsize=3776
[2021-08-31 00:09:46][datafile]: readsize=3320
[2021-08-31 00:09:46][datafile]: swaplen=3340
[2021-08-31 00:09:46][datafile]: item_size=2776
[2021-08-31 00:09:46][datafile]: loading done. datafile='maps/Mirai.map'
[2021-08-31 00:09:46][server]: maps/Mirai.map sha256 is 9d20e46f07ccba5f1ca9e95d80edf3021c5d8040ee6c96a5c12f597ccde82902
[2021-08-31 00:09:46][sixup]: couldn't load map maps7/Mirai.map
[2021-08-31 00:09:46][sixup]: disabling 0.7 compatibility
[2021-08-31 00:09:46][datafile]: loading data index=21 size=8980 uncompressed=1392000
[2021-08-31 00:09:46][datafile]: loading data index=25 size=1287 uncompressed=696000
[2021-08-31 00:09:46][datafile]: loading data index=33 size=2056 uncompressed=2088000
[2021-08-31 00:09:46][datafile]: loading data index=23 size=1689 uncompressed=1392000
[2021-08-31 00:09:46][console]: executing 'reset.cfg'
[2021-08-31 00:09:46][console]: executing 'configs/bindings.cfg'
[2021-08-31 00:09:46][console]: No such command: unbindall.
[2021-08-31 00:09:46][console]: No such command: bind.
[2021-08-31 00:09:46][console]: No such command: bind.
[2021-08-31 00:09:46][console]: No such command: bind.
[2021-08-31 00:09:46][console]: No such command: bind.
[2021-08-31 00:09:46][console]: No such command: bind.
[2021-08-31 00:09:46][console]: No such command: bind.
[2021-08-31 00:09:46][console]: No such command: bind.
[2021-08-31 00:09:46][console]: No such command: bind.
[2021-08-31 00:09:46][console]: No such command: bind.
[2021-08-31 00:09:46][console]: No such command: bind.
[2021-08-31 00:09:46][console]: No such command: bind.
[2021-08-31 00:09:46][console]: No such command: bind.
[2021-08-31 00:09:46][console]: No such command: bind.
[2021-08-31 00:09:46][console]: No such command: bind.
[2021-08-31 00:09:46][console]: No such command: bind.
[2021-08-31 00:09:46][console]: No such command: bind.
[2021-08-31 00:09:46][console]: No such command: bind.
[2021-08-31 00:09:46][console]: No such command: bind.
[2021-08-31 00:09:46][console]: No such command: bind.
[2021-08-31 00:09:46][console]: No such command: bind.
[2021-08-31 00:09:46][console]: No such command: bind.
[2021-08-31 00:09:46][console]: No such command: bind.
[2021-08-31 00:09:46][console]: No such command: bind.
[2021-08-31 00:09:46][console]: No such command: bind.
[2021-08-31 00:09:46][console]: No such command: bind.
[2021-08-31 00:09:46][console]: No such command: bind.
[2021-08-31 00:09:46][console]: No such command: bind.
[2021-08-31 00:09:46][console]: No such command: bind.
[2021-08-31 00:09:46][console]: No such command: bind.
[2021-08-31 00:09:46][console]: No such command: bind.
[2021-08-31 00:09:46][console]: No such command: bind.
[2021-08-31 00:09:46][console]: No such command: bind.
[2021-08-31 00:09:46][console]: No such command: bind.
[2021-08-31 00:09:46][console]: No such command: bind.
[2021-08-31 00:09:46][console]: No such command: bind.
[2021-08-31 00:09:46][console]: No such command: bind.
[2021-08-31 00:09:46][console]: No such command: bind.
[2021-08-31 00:09:46][console]: No such command: bind.
[2021-08-31 00:09:46][console]: No such command: bind.
[2021-08-31 00:09:46][console]: No such command: bind.
[2021-08-31 00:09:46][console]: No such command: bind.
[2021-08-31 00:09:46][console]: No such command: bind.
[2021-08-31 00:09:46][console]: No such command: cl_dummy_resetonswitch.
[2021-08-31 00:09:46][console]: No such command: cl_background_entities.
[2021-08-31 00:09:46][console]: Reset Config
[2021-08-31 00:09:46][sql]: load best time done on read database 0
[2021-08-31 00:09:46][server]: player is ready. ClientID=0 addr=<{192.168.1.107:18032}> secure=yes
[2021-08-31 00:09:47][server]: player has entered the game. ClientID=0 addr=<{192.168.1.107:18032}> sixup=0
[2021-08-31 00:09:47][sql]: load player data done on read database 0
[2021-08-31 00:09:48][ddnet]: cid=0 version=15054
[2021-08-31 00:09:50][chat-command]: 0 used /timeout K2MEdPVKaBbp7GmN
[2021-08-31 00:09:53][server]: player is ready. ClientID=1 addr=<{192.168.1.107:59892}> secure=yes
[2021-08-31 00:09:53][server]: player has entered the game. ClientID=1 addr=<{192.168.1.107:59892}> sixup=0
[2021-08-31 00:09:53][game]: team_join player='1:[D] Acid' team=0
[2021-08-31 00:09:53][chat]: *** '[D] Acid' entered and joined the game
[2021-08-31 00:09:53][ddnet]: cid=1 version=15054
[2021-08-31 00:09:53][sql]: load player data done on read database 0
[2021-08-31 00:09:56][chat-command]: 1 used /timeout D3XmMGjMAf6MKeeE
[2021-08-31 00:09:56][chat-command]: 0 used /timeout K2MEdPVKaBbp7GmN
[2021-08-31 00:10:10][game]: kill killer='0:Acid' victim='0:Acid' weapon=-2 special=0
[2021-08-31 00:10:11][game]: kill killer='1:[D] Acid' victim='1:[D] Acid' weapon=-2 special=0
[2021-08-31 00:10:13][chat-command]: 0 used /pause
[2021-08-31 00:10:16][chat-command]: 0 used /pause
[2021-08-31 00:10:21][game]: kill killer='0:Acid' victim='0:Acid' weapon=-2 special=0
[2021-08-31 00:10:22][game]: kill killer='1:[D] Acid' victim='1:[D] Acid' weapon=-2 special=0
[2021-08-31 00:10:29][game]: kill killer='1:[D] Acid' victim='1:[D] Acid' weapon=-2 special=0
[2021-08-31 00:10:43][game]: kill killer='0:Acid' victim='0:Acid' weapon=-2 special=0
[2021-08-31 00:10:43][game]: kill killer='1:[D] Acid' victim='1:[D] Acid' weapon=-2 special=0
[2021-08-31 00:10:53][game]: kill killer='1:[D] Acid' victim='1:[D] Acid' weapon=-2 special=0
[2021-08-31 00:11:07][game]: kill killer='1:[D] Acid' victim='1:[D] Acid' weapon=-2 special=0
[2021-08-31 00:11:08][game]: kill killer='0:Acid' victim='0:Acid' weapon=-2 special=0
[2021-08-31 00:11:08][game]: kill killer='1:[D] Acid' victim='1:[D] Acid' weapon=-2 special=0
[2021-08-31 00:11:20][game]: kill killer='1:[D] Acid' victim='1:[D] Acid' weapon=-2 special=0
[2021-08-31 00:11:25][game]: kill killer='1:[D] Acid' victim='1:[D] Acid' weapon=-2 special=0
[2021-08-31 00:11:30][game]: kill killer='1:[D] Acid' victim='1:[D] Acid' weapon=-2 special=0
[2021-08-31 00:11:42][game]: kill killer='0:Acid' victim='0:Acid' weapon=-2 special=0
[2021-08-31 00:11:43][game]: kill killer='1:[D] Acid' victim='1:[D] Acid' weapon=-2 special=0
[2021-08-31 00:11:55][game]: kill killer='1:[D] Acid' victim='1:[D] Acid' weapon=-2 special=0
[2021-08-31 00:12:01][game]: kill killer='1:[D] Acid' victim='1:[D] Acid' weapon=-2 special=0
[2021-08-31 00:12:15][game]: kill killer='1:[D] Acid' victim='1:[D] Acid' weapon=-2 special=0
[2021-08-31 00:12:23][game]: kill killer='1:[D] Acid' victim='1:[D] Acid' weapon=-2 special=0
[2021-08-31 00:12:28][game]: kill killer='1:[D] Acid' victim='1:[D] Acid' weapon=-2 special=0
[2021-08-31 00:12:37][game]: kill killer='1:[D] Acid' victim='1:[D] Acid' weapon=-2 special=0
[2021-08-31 00:12:49][chat-command]: 0 used /pause
[2021-08-31 00:12:52][chat-command]: 0 used /pause
[2021-08-31 00:12:53][game]: kill killer='0:Acid' victim='0:Acid' weapon=-2 special=0
[2021-08-31 00:12:54][game]: kill killer='1:[D] Acid' victim='1:[D] Acid' weapon=-2 special=0
[2021-08-31 00:13:03][game]: kill killer='1:[D] Acid' victim='1:[D] Acid' weapon=-2 special=0
[2021-08-31 00:13:12][game]: kill killer='1:[D] Acid' victim='1:[D] Acid' weapon=-2 special=0
[2021-08-31 00:13:32][chat-command]: 0 used /pause
[2021-08-31 00:13:33][chat-command]: 0 used /pause
[2021-08-31 00:13:34][game]: kill killer='0:Acid' victim='0:Acid' weapon=-2 special=0
[2021-08-31 00:13:35][game]: kill killer='1:[D] Acid' victim='1:[D] Acid' weapon=-2 special=0
[2021-08-31 00:13:40][game]: kill killer='1:[D] Acid' victim='1:[D] Acid' weapon=-2 special=0
[2021-08-31 00:13:47][game]: kill killer='1:[D] Acid' victim='1:[D] Acid' weapon=-2 special=0
[2021-08-31 00:13:55][game]: kill killer='1:[D] Acid' victim='1:[D] Acid' weapon=-2 special=0
[2021-08-31 00:14:06][game]: kill killer='0:Acid' victim='0:Acid' weapon=-2 special=0
[2021-08-31 00:14:06][game]: kill killer='1:[D] Acid' victim='1:[D] Acid' weapon=-2 special=0
[2021-08-31 00:14:20][game]: kill killer='1:[D] Acid' victim='1:[D] Acid' weapon=-2 special=0
[2021-08-31 00:14:29][game]: kill killer='1:[D] Acid' victim='1:[D] Acid' weapon=-2 special=0
[2021-08-31 00:14:30][game]: kill killer='0:Acid' victim='0:Acid' weapon=-2 special=0
[2021-08-31 00:14:31][game]: kill killer='1:[D] Acid' victim='1:[D] Acid' weapon=-2 special=0
[2021-08-31 00:14:35][chat-command]: 0 used /spec
[2021-08-31 00:14:35][chat-command]: 0 used /spec
[2021-08-31 00:14:36][chat-command]: 0 used /spec
[2021-08-31 00:14:37][chat-command]: 0 used /spec
[2021-08-31 00:14:52][game]: kill killer='1:[D] Acid' victim='1:[D] Acid' weapon=-2 special=0
[2021-08-31 00:14:52][game]: kill killer='0:Acid' victim='0:Acid' weapon=-2 special=0
[2021-08-31 00:14:54][game]: kill killer='1:[D] Acid' victim='1:[D] Acid' weapon=-2 special=0
[2021-08-31 00:15:21][game]: kill killer='1:[D] Acid' victim='1:[D] Acid' weapon=-2 special=0
[2021-08-31 00:15:22][game]: kill killer='0:Acid' victim='0:Acid' weapon=-2 special=0
[2021-08-31 00:15:29][game]: kill killer='1:[D] Acid' victim='1:[D] Acid' weapon=-2 special=0
[2021-08-31 00:15:56][game]: kill killer='0:Acid' victim='0:Acid' weapon=-2 special=0
[2021-08-31 00:15:57][game]: kill killer='1:[D] Acid' victim='1:[D] Acid' weapon=-2 special=0
[2021-08-31 00:16:21][game]: kill killer='0:Acid' victim='0:Acid' weapon=-2 special=0
[2021-08-31 00:16:21][game]: kill killer='1:[D] Acid' victim='1:[D] Acid' weapon=-2 special=0
[2021-08-31 00:16:39][game]: kill killer='0:Acid' victim='0:Acid' weapon=-2 special=0
[2021-08-31 00:16:39][game]: kill killer='1:[D] Acid' victim='1:[D] Acid' weapon=-2 special=0
[2021-08-31 00:17:09][game]: kill killer='0:Acid' victim='0:Acid' weapon=-2 special=0
[2021-08-31 00:17:10][game]: kill killer='1:[D] Acid' victim='1:[D] Acid' weapon=-2 special=0
[2021-08-31 00:17:17][game]: kill killer='1:[D] Acid' victim='1:[D] Acid' weapon=-2 special=0
[2021-08-31 00:17:44][game]: kill killer='0:Acid' victim='0:Acid' weapon=-2 special=0
[2021-08-31 00:17:45][game]: kill killer='1:[D] Acid' victim='1:[D] Acid' weapon=-2 special=0
[2021-08-31 00:17:59][game]: kill killer='1:[D] Acid' victim='1:[D] Acid' weapon=-2 special=0
[2021-08-31 00:18:30][game]: kill killer='1:[D] Acid' victim='1:[D] Acid' weapon=-2 special=0
[2021-08-31 00:18:30][game]: kill killer='0:Acid' victim='0:Acid' weapon=-2 special=0
[2021-08-31 00:18:40][game]: kill killer='1:[D] Acid' victim='1:[D] Acid' weapon=-2 special=0
[2021-08-31 00:19:10][game]: kill killer='1:[D] Acid' victim='1:[D] Acid' weapon=-2 special=0
[2021-08-31 00:20:04][chat-command]: 1 used /pause
[2021-08-31 00:20:07][chat-command]: 1 used /pause
[2021-08-31 00:20:21][chat]: *** 'Acid' called vote to change server option 'Map: Monster' (No reason given)
[2021-08-31 00:20:21][chat]: *** Vote passed
[2021-08-31 00:20:21][datafile]: loading. filename='maps/Monster.map'
[2021-08-31 00:20:21][datafile]: allocsize=4528
[2021-08-31 00:20:21][datafile]: readsize=3984
[2021-08-31 00:20:21][datafile]: swaplen=4004
[2021-08-31 00:20:21][datafile]: item_size=3320
[2021-08-31 00:20:21][datafile]: loading done. datafile='maps/Monster.map'
[2021-08-31 00:20:21][server]: maps/Monster.map sha256 is 4bdc05b5fb94498beeaf7b226b3cf63c88e6c64fc7889dc94b505443a65b7ac0
[2021-08-31 00:20:21][datafile]: loading data index=36 size=6380 uncompressed=400000
[2021-08-31 00:20:21][datafile]: loading data index=40 size=1340 uncompressed=200000
[2021-08-31 00:20:21][datafile]: loading data index=38 size=890 uncompressed=400000
[2021-08-31 00:20:21][console]: executing 'reset.cfg'
[2021-08-31 00:20:21][console]: executing 'configs/bindings.cfg'
[2021-08-31 00:20:21][console]: No such command: unbindall.
[2021-08-31 00:20:21][console]: No such command: bind.
[2021-08-31 00:20:21][console]: No such command: bind.
[2021-08-31 00:20:21][console]: No such command: bind.
[2021-08-31 00:20:21][console]: No such command: bind.
[2021-08-31 00:20:21][console]: No such command: bind.
[2021-08-31 00:20:21][console]: No such command: bind.
[2021-08-31 00:20:21][console]: No such command: bind.
[2021-08-31 00:20:21][console]: No such command: bind.
[2021-08-31 00:20:21][console]: No such command: bind.
[2021-08-31 00:20:21][console]: No such command: bind.
[2021-08-31 00:20:21][console]: No such command: bind.
[2021-08-31 00:20:21][console]: No such command: bind.
[2021-08-31 00:20:21][console]: No such command: bind.
[2021-08-31 00:20:21][console]: No such command: bind.
[2021-08-31 00:20:21][console]: No such command: bind.
[2021-08-31 00:20:21][console]: No such command: bind.
[2021-08-31 00:20:21][console]: No such command: bind.
[2021-08-31 00:20:21][console]: No such command: bind.
[2021-08-31 00:20:21][console]: No such command: bind.
[2021-08-31 00:20:21][console]: No such command: bind.
[2021-08-31 00:20:21][console]: No such command: bind.
[2021-08-31 00:20:21][console]: No such command: bind.
[2021-08-31 00:20:21][console]: No such command: bind.
[2021-08-31 00:20:21][console]: No such command: bind.
[2021-08-31 00:20:21][console]: No such command: bind.
[2021-08-31 00:20:21][console]: No such command: bind.
[2021-08-31 00:20:21][console]: No such command: bind.
[2021-08-31 00:20:21][console]: No such command: bind.
[2021-08-31 00:20:21][console]: No such command: bind.
[2021-08-31 00:20:21][console]: No such command: bind.
[2021-08-31 00:20:21][console]: No such command: bind.
[2021-08-31 00:20:21][console]: No such command: bind.
[2021-08-31 00:20:21][console]: No such command: bind.
[2021-08-31 00:20:21][console]: No such command: bind.
[2021-08-31 00:20:21][console]: No such command: bind.
[2021-08-31 00:20:21][console]: No such command: bind.
[2021-08-31 00:20:21][console]: No such command: bind.
[2021-08-31 00:20:21][console]: No such command: bind.
[2021-08-31 00:20:21][console]: No such command: bind.
[2021-08-31 00:20:21][console]: No such command: bind.
[2021-08-31 00:20:21][console]: No such command: bind.
[2021-08-31 00:20:21][console]: No such command: bind.
[2021-08-31 00:20:21][console]: No such command: cl_dummy_resetonswitch.
[2021-08-31 00:20:21][console]: No such command: cl_background_entities.
[2021-08-31 00:20:21][console]: Reset Config
[2021-08-31 00:20:21][datafile]: loading data index=48 size=23 uncompressed=15
[2021-08-31 00:20:21][sql]: load best time done on read database 0
[2021-08-31 00:20:21][server]: player is ready. ClientID=0 addr=<{192.168.1.107:18032}> secure=yes
[2021-08-31 00:20:21][server]: client dropped. cid=1 addr=<{192.168.1.107:59892}> reason=''
[2021-08-31 00:20:22][server]: player has entered the game. ClientID=0 addr=<{192.168.1.107:18032}> sixup=0
[2021-08-31 00:20:22][sql]: load player data done on read database 0
[2021-08-31 00:20:23][ddnet]: cid=0 version=15054
[2021-08-31 00:20:25][server]: player is ready. ClientID=1 addr=<{192.168.1.107:59892}> secure=yes
[2021-08-31 00:20:25][server]: player has entered the game. ClientID=1 addr=<{192.168.1.107:59892}> sixup=0
[2021-08-31 00:20:25][game]: team_join player='1:[D] Acid' team=0
[2021-08-31 00:20:25][chat]: *** '[D] Acid' entered and joined the game
[2021-08-31 00:20:25][ddnet]: cid=1 version=15054
[2021-08-31 00:20:25][sql]: load player data done on read database 0
[2021-08-31 00:20:26][chat]: *** Acid joined team 16
[2021-08-31 00:20:26][chat-command]: 0 used /team 16
[2021-08-31 00:20:26][chat-command]: 0 used /timeout K2MEdPVKaBbp7GmN
[2021-08-31 00:20:26][chat]: *** [D] Acid joined team 16
[2021-08-31 00:20:26][chat-command]: 1 used /team 16
[2021-08-31 00:20:26][chat-command]: 0 used /lock
[2021-08-31 00:20:29][chat-command]: 1 used /timeout D3XmMGjMAf6MKeeE
[2021-08-31 00:20:51][game]: kill killer='1:[D] Acid' victim='1:[D] Acid' weapon=-2 special=0
[2021-08-31 00:20:52][game]: kill killer='0:Acid' victim='0:Acid' weapon=-2 special=0
[2021-08-31 00:20:57][game]: kill killer='0:Acid' victim='0:Acid' weapon=-2 special=0
[2021-08-31 00:21:06][game]: kill killer='1:[D] Acid' victim='1:[D] Acid' weapon=-2 special=0
[2021-08-31 00:24:36][chat-command]: 0 used /emote angry 999999
[2021-08-31 00:25:17][chat-command]: 0 used /pause
[2021-08-31 00:25:19][chat-command]: 0 used /pause
[2021-08-31 00:26:28][chat-command]: 1 used /spec
[2021-08-31 00:26:28][chat-command]: 1 used /spec
[2021-08-31 00:26:29][chat-command]: 1 used /spec
[2021-08-31 00:26:29][chat-command]: 0 used /spec
[2021-08-31 00:26:30][chat-command]: 0 used /spec
[2021-08-31 00:26:31][chat-command]: 0 used /spec
[2021-08-31 00:31:01][chat-command]: 1 used /pause
[2021-08-31 00:31:02][chat-command]: 1 used /pause
[2021-08-31 00:31:31][chat-command]: 1 used /pause
[2021-08-31 00:31:42][chat-command]: 1 used /pause
[2021-08-31 00:33:53][chat-command]: 1 used /spec
[2021-08-31 00:33:54][chat-command]: 1 used /spec
[2021-08-31 00:33:54][chat-command]: 1 used /spec
[2021-08-31 00:33:55][chat-command]: 1 used /spec
[2021-08-31 00:35:00][game]: kill killer='0:Acid' victim='0:Acid' weapon=-2 special=0
[2021-08-31 00:35:00][game]: kill killer='1:[D] Acid' victim='1:[D] Acid' weapon=-2 special=0
[2021-08-31 00:35:04][chat-command]: 0 used /spec
[2021-08-31 00:35:05][chat-command]: 0 used /spec
[2021-08-31 00:35:05][chat-command]: 0 used /spec
[2021-08-31 00:35:07][chat-command]: 1 used /pause
[2021-08-31 00:35:09][chat-command]: 1 used /pause
[2021-08-31 00:35:10][chat-command]: 1 used /spec
[2021-08-31 00:35:11][chat-command]: 1 used /spec
[2021-08-31 00:35:11][chat-command]: 1 used /spec
[2021-08-31 00:35:12][game]: kill killer='1:[D] Acid' victim='1:[D] Acid' weapon=-2 special=0
[2021-08-31 00:35:14][chat-command]: 0 used /pause
[2021-08-31 00:35:31][chat-command]: 0 used /pause
[2021-08-31 00:35:33][server]: client dropped. cid=1 addr=<{192.168.1.107:59892}> reason=''
[2021-08-31 00:35:33][game]: kill killer='1:[D] Acid' victim='1:[D] Acid' weapon=-3 special=0
[2021-08-31 00:35:33][chat]: *** '[D] Acid' has left the game
[2021-08-31 00:35:33][game]: leave player='1:[D] Acid'
[2021-08-31 00:35:33][server]: client dropped. cid=0 addr=<{192.168.1.107:18032}> reason=''
[2021-08-31 00:35:33][game]: kill killer='0:Acid' victim='0:Acid' weapon=-3 special=0
[2021-08-31 00:35:33][chat]: *** 'Acid' has left the game
[2021-08-31 00:35:33][game]: leave player='0:Acid'
